Analysis & Synthesis report for roues_codeuses
Tue Apr 14 14:34:16 2015
Quartus II 64-Bit Version 14.0.0 Build 200 06/17/2014 SJ Web Edition


---------------------
; Table of Contents ;
---------------------
  1. Legal Notice
  2. Analysis & Synthesis Summary
  3. Analysis & Synthesis Settings
  4. Parallel Compilation
  5. Analysis & Synthesis Source Files Read
  6. Analysis & Synthesis Resource Usage Summary
  7. Analysis & Synthesis Resource Utilization by Entity
  8. State Machine - |roues_codeuses|roue_codeuse:rcG|state
  9. State Machine - |roues_codeuses|roue_codeuse:rcD|state
 10. User-Specified and Inferred Latches
 11. Registers Removed During Synthesis
 12. General Register Statistics
 13. Multiplexer Restructuring Statistics (Restructuring Performed)
 14. Post-Synthesis Netlist Statistics for Top Partition
 15. Elapsed Time Per Partition
 16. Analysis & Synthesis Messages



----------------
; Legal Notice ;
----------------
Copyright (C) 1991-2014 Altera Corporation. All rights reserved.
Your use of Altera Corporation's design tools, logic functions 
and other software and tools, and its AMPP partner logic 
functions, and any output files from any of the foregoing 
(including device programming or simulation files), and any 
associated documentation or information are expressly subject 
to the terms and conditions of the Altera Program License 
Subscription Agreement, the Altera Quartus II License Agreement,
the Altera MegaCore Function License Agreement, or other 
applicable license agreement, including, without limitation, 
that your use is for the sole purpose of programming logic 
devices manufactured by Altera and sold by Altera or its 
authorized distributors.  Please refer to the applicable 
agreement for further details.



+---------------------------------------------------------------------------------+
; Analysis & Synthesis Summary                                                    ;
+------------------------------------+--------------------------------------------+
; Analysis & Synthesis Status        ; Successful - Tue Apr 14 14:34:16 2015      ;
; Quartus II 64-Bit Version          ; 14.0.0 Build 200 06/17/2014 SJ Web Edition ;
; Revision Name                      ; roues_codeuses                             ;
; Top-level Entity Name              ; roues_codeuses                             ;
; Family                             ; Cyclone IV E                               ;
; Total logic elements               ; 129                                        ;
;     Total combinational functions  ; 129                                        ;
;     Dedicated logic registers      ; 70                                         ;
; Total registers                    ; 70                                         ;
; Total pins                         ; 16                                         ;
; Total virtual pins                 ; 0                                          ;
; Total memory bits                  ; 0                                          ;
; Embedded Multiplier 9-bit elements ; 0                                          ;
; Total PLLs                         ; 0                                          ;
+------------------------------------+--------------------------------------------+


+----------------------------------------------------------------------------------------------------------------------+
; Analysis & Synthesis Settings                                                                                        ;
+----------------------------------------------------------------------------+--------------------+--------------------+
; Option                                                                     ; Setting            ; Default Value      ;
+----------------------------------------------------------------------------+--------------------+--------------------+
; Device                                                                     ; EP4CE22F17C6       ;                    ;
; Top-level entity name                                                      ; roues_codeuses     ; roues_codeuses     ;
; Family name                                                                ; Cyclone IV E       ; Cyclone IV GX      ;
; Use smart compilation                                                      ; Off                ; Off                ;
; Enable parallel Assembler and TimeQuest Timing Analyzer during compilation ; On                 ; On                 ;
; Enable compact report table                                                ; Off                ; Off                ;
; Restructure Multiplexers                                                   ; Auto               ; Auto               ;
; Create Debugging Nodes for IP Cores                                        ; Off                ; Off                ;
; Preserve fewer node names                                                  ; On                 ; On                 ;
; Disable OpenCore Plus hardware evaluation                                  ; Off                ; Off                ;
; Verilog Version                                                            ; Verilog_2001       ; Verilog_2001       ;
; VHDL Version                                                               ; VHDL_1993          ; VHDL_1993          ;
; State Machine Processing                                                   ; Auto               ; Auto               ;
; Safe State Machine                                                         ; Off                ; Off                ;
; Extract Verilog State Machines                                             ; On                 ; On                 ;
; Extract VHDL State Machines                                                ; On                 ; On                 ;
; Ignore Verilog initial constructs                                          ; Off                ; Off                ;
; Iteration limit for constant Verilog loops                                 ; 5000               ; 5000               ;
; Iteration limit for non-constant Verilog loops                             ; 250                ; 250                ;
; Add Pass-Through Logic to Inferred RAMs                                    ; On                 ; On                 ;
; Infer RAMs from Raw Logic                                                  ; On                 ; On                 ;
; Parallel Synthesis                                                         ; On                 ; On                 ;
; DSP Block Balancing                                                        ; Auto               ; Auto               ;
; NOT Gate Push-Back                                                         ; On                 ; On                 ;
; Power-Up Don't Care                                                        ; On                 ; On                 ;
; Remove Redundant Logic Cells                                               ; Off                ; Off                ;
; Remove Duplicate Registers                                                 ; On                 ; On                 ;
; Ignore CARRY Buffers                                                       ; Off                ; Off                ;
; Ignore CASCADE Buffers                                                     ; Off                ; Off                ;
; Ignore GLOBAL Buffers                                                      ; Off                ; Off                ;
; Ignore ROW GLOBAL Buffers                                                  ; Off                ; Off                ;
; Ignore LCELL Buffers                                                       ; Off                ; Off                ;
; Ignore SOFT Buffers                                                        ; On                 ; On                 ;
; Limit AHDL Integers to 32 Bits                                             ; Off                ; Off                ;
; Optimization Technique                                                     ; Balanced           ; Balanced           ;
; Carry Chain Length                                                         ; 70                 ; 70                 ;
; Auto Carry Chains                                                          ; On                 ; On                 ;
; Auto Open-Drain Pins                                                       ; On                 ; On                 ;
; Perform WYSIWYG Primitive Resynthesis                                      ; Off                ; Off                ;
; Auto ROM Replacement                                                       ; On                 ; On                 ;
; Auto RAM Replacement                                                       ; On                 ; On                 ;
; Auto DSP Block Replacement                                                 ; On                 ; On                 ;
; Auto Shift Register Replacement                                            ; Auto               ; Auto               ;
; Allow Shift Register Merging across Hierarchies                            ; Auto               ; Auto               ;
; Auto Clock Enable Replacement                                              ; On                 ; On                 ;
; Strict RAM Replacement                                                     ; Off                ; Off                ;
; Allow Synchronous Control Signals                                          ; On                 ; On                 ;
; Force Use of Synchronous Clear Signals                                     ; Off                ; Off                ;
; Auto RAM Block Balancing                                                   ; On                 ; On                 ;
; Auto RAM to Logic Cell Conversion                                          ; Off                ; Off                ;
; Auto Resource Sharing                                                      ; Off                ; Off                ;
; Allow Any RAM Size For Recognition                                         ; Off                ; Off                ;
; Allow Any ROM Size For Recognition                                         ; Off                ; Off                ;
; Allow Any Shift Register Size For Recognition                              ; Off                ; Off                ;
; Use LogicLock Constraints during Resource Balancing                        ; On                 ; On                 ;
; Ignore translate_off and synthesis_off directives                          ; Off                ; Off                ;
; Timing-Driven Synthesis                                                    ; On                 ; On                 ;
; Report Parameter Settings                                                  ; On                 ; On                 ;
; Report Source Assignments                                                  ; On                 ; On                 ;
; Report Connectivity Checks                                                 ; On                 ; On                 ;
; Ignore Maximum Fan-Out Assignments                                         ; Off                ; Off                ;
; Synchronization Register Chain Length                                      ; 2                  ; 2                  ;
; PowerPlay Power Optimization                                               ; Normal compilation ; Normal compilation ;
; HDL message level                                                          ; Level2             ; Level2             ;
; Suppress Register Optimization Related Messages                            ; Off                ; Off                ;
; Number of Removed Registers Reported in Synthesis Report                   ; 5000               ; 5000               ;
; Number of Swept Nodes Reported in Synthesis Report                         ; 5000               ; 5000               ;
; Number of Inverted Registers Reported in Synthesis Report                  ; 100                ; 100                ;
; Clock MUX Protection                                                       ; On                 ; On                 ;
; Auto Gated Clock Conversion                                                ; Off                ; Off                ;
; Block Design Naming                                                        ; Auto               ; Auto               ;
; SDC constraint protection                                                  ; Off                ; Off                ;
; Synthesis Effort                                                           ; Auto               ; Auto               ;
; Shift Register Replacement - Allow Asynchronous Clear Signal               ; On                 ; On                 ;
; Pre-Mapping Resynthesis Optimization                                       ; Off                ; Off                ;
; Analysis & Synthesis Message Level                                         ; Medium             ; Medium             ;
; Disable Register Merging Across Hierarchies                                ; Auto               ; Auto               ;
; Resource Aware Inference For Block RAM                                     ; On                 ; On                 ;
; Synthesis Seed                                                             ; 1                  ; 1                  ;
+----------------------------------------------------------------------------+--------------------+--------------------+


Parallel compilation was disabled, but you have multiple processors available. Enable parallel compilation to reduce compilation time.
+-------------------------------------+
; Parallel Compilation                ;
+----------------------------+--------+
; Processors                 ; Number ;
+----------------------------+--------+
; Number detected on machine ; 2      ;
; Maximum allowed            ; 1      ;
+----------------------------+--------+


+---------------------------------------------------------------------------------------------------------------+
; Analysis & Synthesis Source Files Read                                                                        ;
+----------------------------------+-----------------+-----------------+------------------------------+---------+
; File Name with User-Entered Path ; Used in Netlist ; File Type       ; File Name with Absolute Path ; Library ;
+----------------------------------+-----------------+-----------------+------------------------------+---------+
; clk_div.vhd                      ; yes             ; User VHDL File  ; F:/de0/clk_div.vhd           ;         ;
; roue_codeuse.vhd                 ; yes             ; User VHDL File  ; F:/de0/roue_codeuse.vhd      ;         ;
; FiltreHall.vhd                   ; yes             ; User VHDL File  ; F:/de0/FiltreHall.vhd        ;         ;
; roues_codeuses.vhd               ; yes             ; User VHDL File  ; F:/de0/roues_codeuses.vhd    ;         ;
+----------------------------------+-----------------+-----------------+------------------------------+---------+


+----------------------------------------------------------+
; Analysis & Synthesis Resource Usage Summary              ;
+---------------------------------------------+------------+
; Resource                                    ; Usage      ;
+---------------------------------------------+------------+
; Estimated Total logic elements              ; 129        ;
;                                             ;            ;
; Total combinational functions               ; 129        ;
; Logic element usage by number of LUT inputs ;            ;
;     -- 4 input functions                    ; 42         ;
;     -- 3 input functions                    ; 19         ;
;     -- <=2 input functions                  ; 68         ;
;                                             ;            ;
; Logic elements by mode                      ;            ;
;     -- normal mode                          ; 80         ;
;     -- arithmetic mode                      ; 49         ;
;                                             ;            ;
; Total registers                             ; 70         ;
;     -- Dedicated logic registers            ; 70         ;
;     -- I/O registers                        ; 0          ;
;                                             ;            ;
; I/O pins                                    ; 16         ;
; Embedded Multiplier 9-bit elements          ; 0          ;
; Maximum fan-out node                        ; iClk~input ;
; Maximum fan-out                             ; 52         ;
; Total fan-out                               ; 630        ;
; Average fan-out                             ; 2.73       ;
+---------------------------------------------+------------+


+--------------------------------------------------------------------------------------------------------------------------------------------------------------------------------------------------------+
; Analysis & Synthesis Resource Utilization by Entity                                                                                                                                                    ;
+----------------------------+-------------------+--------------+-------------+--------------+---------+-----------+------+--------------+------------------------------------------------+--------------+
; Compilation Hierarchy Node ; LC Combinationals ; LC Registers ; Memory Bits ; DSP Elements ; DSP 9x9 ; DSP 18x18 ; Pins ; Virtual Pins ; Full Hierarchy Name                            ; Library Name ;
+----------------------------+-------------------+--------------+-------------+--------------+---------+-----------+------+--------------+------------------------------------------------+--------------+
; |roues_codeuses            ; 129 (0)           ; 70 (0)       ; 0           ; 0            ; 0       ; 0         ; 16   ; 0            ; |roues_codeuses                                ; work         ;
;    |clk_div:clk_divD|      ; 13 (13)           ; 9 (9)        ; 0           ; 0            ; 0       ; 0         ; 0    ; 0            ; |roues_codeuses|clk_div:clk_divD               ; work         ;
;    |clk_div:clk_divG|      ; 13 (13)           ; 9 (9)        ; 0           ; 0            ; 0       ; 0         ; 0    ; 0            ; |roues_codeuses|clk_div:clk_divG               ; work         ;
;    |roue_codeuse:rcD|      ; 54 (24)           ; 30 (4)       ; 0           ; 0            ; 0       ; 0         ; 0    ; 0            ; |roues_codeuses|roue_codeuse:rcD               ; work         ;
;       |FiltreHall:U0|      ; 19 (19)           ; 17 (17)      ; 0           ; 0            ; 0       ; 0         ; 0    ; 0            ; |roues_codeuses|roue_codeuse:rcD|FiltreHall:U0 ; work         ;
;       |FiltreHall:U1|      ; 11 (11)           ; 9 (9)        ; 0           ; 0            ; 0       ; 0         ; 0    ; 0            ; |roues_codeuses|roue_codeuse:rcD|FiltreHall:U1 ; work         ;
;    |roue_codeuse:rcG|      ; 49 (24)           ; 22 (4)       ; 0           ; 0            ; 0       ; 0         ; 0    ; 0            ; |roues_codeuses|roue_codeuse:rcG               ; work         ;
;       |FiltreHall:U0|      ; 13 (13)           ; 9 (9)        ; 0           ; 0            ; 0       ; 0         ; 0    ; 0            ; |roues_codeuses|roue_codeuse:rcG|FiltreHall:U0 ; work         ;
;       |FiltreHall:U1|      ; 12 (12)           ; 9 (9)        ; 0           ; 0            ; 0       ; 0         ; 0    ; 0            ; |roues_codeuses|roue_codeuse:rcG|FiltreHall:U1 ; work         ;
+----------------------------+-------------------+--------------+-------------+--------------+---------+-----------+------+--------------+------------------------------------------------+--------------+
Note: For table entries with two numbers listed, the numbers in parentheses indicate the number of resources of the given type used by the specific entity alone. The numbers listed outside of parentheses indicate the total resources of the given type used by the specific entity and all of its sub-entities in the hierarchy.


Encoding Type:  One-Hot
+--------------------------------------------------------+
; State Machine - |roues_codeuses|roue_codeuse:rcG|state ;
+----------+----------+----------+----------+------------+
; Name     ; state.S3 ; state.S2 ; state.S1 ; state.S0   ;
+----------+----------+----------+----------+------------+
; state.S0 ; 0        ; 0        ; 0        ; 0          ;
; state.S1 ; 0        ; 0        ; 1        ; 1          ;
; state.S2 ; 0        ; 1        ; 0        ; 1          ;
; state.S3 ; 1        ; 0        ; 0        ; 1          ;
+----------+----------+----------+----------+------------+


Encoding Type:  One-Hot
+--------------------------------------------------------+
; State Machine - |roues_codeuses|roue_codeuse:rcD|state ;
+----------+----------+----------+----------+------------+
; Name     ; state.S3 ; state.S2 ; state.S1 ; state.S0   ;
+----------+----------+----------+----------+------------+
; state.S0 ; 0        ; 0        ; 0        ; 0          ;
; state.S1 ; 0        ; 0        ; 1        ; 1          ;
; state.S2 ; 0        ; 1        ; 0        ; 1          ;
; state.S3 ; 1        ; 0        ; 0        ; 1          ;
+----------+----------+----------+----------+------------+


+----------------------------------------------------------------------------------------------------------+
; User-Specified and Inferred Latches                                                                      ;
+----------------------------------------------------+----------------------------+------------------------+
; Latch Name                                         ; Latch Enable Signal        ; Free of Timing Hazards ;
+----------------------------------------------------+----------------------------+------------------------+
; roue_codeuse:rcD|bSens                             ; roue_codeuse:rcD|Selector6 ; yes                    ;
; roue_codeuse:rcG|bSens                             ; roue_codeuse:rcG|Selector6 ; yes                    ;
; roue_codeuse:rcD|oDebug[0]                         ; GND                        ; yes                    ;
; roue_codeuse:rcD|oDebug[1]                         ; GND                        ; yes                    ;
; roue_codeuse:rcG|oDebug[0]                         ; GND                        ; yes                    ;
; roue_codeuse:rcG|oDebug[1]                         ; GND                        ; yes                    ;
; Number of user-specified and inferred latches = 6  ;                            ;                        ;
+----------------------------------------------------+----------------------------+------------------------+
Note: All latches listed above may not be present at the end of synthesis due to various synthesis optimizations.


+--------------------------------------------------------------------------------------------+
; Registers Removed During Synthesis                                                         ;
+----------------------------------------+---------------------------------------------------+
; Register name                          ; Reason for Removal                                ;
+----------------------------------------+---------------------------------------------------+
; roue_codeuse:rcD|FiltreHall:U1|cnt[7]  ; Merged with roue_codeuse:rcD|FiltreHall:U0|cnt[7] ;
; roue_codeuse:rcG|FiltreHall:U0|cnt[7]  ; Merged with roue_codeuse:rcD|FiltreHall:U0|cnt[7] ;
; roue_codeuse:rcG|FiltreHall:U1|cnt[7]  ; Merged with roue_codeuse:rcD|FiltreHall:U0|cnt[7] ;
; roue_codeuse:rcD|FiltreHall:U1|cnt[6]  ; Merged with roue_codeuse:rcD|FiltreHall:U0|cnt[6] ;
; roue_codeuse:rcG|FiltreHall:U0|cnt[6]  ; Merged with roue_codeuse:rcD|FiltreHall:U0|cnt[6] ;
; roue_codeuse:rcG|FiltreHall:U1|cnt[6]  ; Merged with roue_codeuse:rcD|FiltreHall:U0|cnt[6] ;
; roue_codeuse:rcD|FiltreHall:U1|cnt[5]  ; Merged with roue_codeuse:rcD|FiltreHall:U0|cnt[5] ;
; roue_codeuse:rcG|FiltreHall:U0|cnt[5]  ; Merged with roue_codeuse:rcD|FiltreHall:U0|cnt[5] ;
; roue_codeuse:rcG|FiltreHall:U1|cnt[5]  ; Merged with roue_codeuse:rcD|FiltreHall:U0|cnt[5] ;
; roue_codeuse:rcD|FiltreHall:U1|cnt[4]  ; Merged with roue_codeuse:rcD|FiltreHall:U0|cnt[4] ;
; roue_codeuse:rcG|FiltreHall:U0|cnt[4]  ; Merged with roue_codeuse:rcD|FiltreHall:U0|cnt[4] ;
; roue_codeuse:rcG|FiltreHall:U1|cnt[4]  ; Merged with roue_codeuse:rcD|FiltreHall:U0|cnt[4] ;
; roue_codeuse:rcD|FiltreHall:U1|cnt[3]  ; Merged with roue_codeuse:rcD|FiltreHall:U0|cnt[3] ;
; roue_codeuse:rcG|FiltreHall:U0|cnt[3]  ; Merged with roue_codeuse:rcD|FiltreHall:U0|cnt[3] ;
; roue_codeuse:rcG|FiltreHall:U1|cnt[3]  ; Merged with roue_codeuse:rcD|FiltreHall:U0|cnt[3] ;
; roue_codeuse:rcD|FiltreHall:U1|cnt[2]  ; Merged with roue_codeuse:rcD|FiltreHall:U0|cnt[2] ;
; roue_codeuse:rcG|FiltreHall:U0|cnt[2]  ; Merged with roue_codeuse:rcD|FiltreHall:U0|cnt[2] ;
; roue_codeuse:rcG|FiltreHall:U1|cnt[2]  ; Merged with roue_codeuse:rcD|FiltreHall:U0|cnt[2] ;
; roue_codeuse:rcD|FiltreHall:U1|cnt[1]  ; Merged with roue_codeuse:rcD|FiltreHall:U0|cnt[1] ;
; roue_codeuse:rcG|FiltreHall:U0|cnt[1]  ; Merged with roue_codeuse:rcD|FiltreHall:U0|cnt[1] ;
; roue_codeuse:rcG|FiltreHall:U1|cnt[1]  ; Merged with roue_codeuse:rcD|FiltreHall:U0|cnt[1] ;
; roue_codeuse:rcD|FiltreHall:U1|cnt[0]  ; Merged with roue_codeuse:rcD|FiltreHall:U0|cnt[0] ;
; roue_codeuse:rcG|FiltreHall:U0|cnt[0]  ; Merged with roue_codeuse:rcD|FiltreHall:U0|cnt[0] ;
; roue_codeuse:rcG|FiltreHall:U1|cnt[0]  ; Merged with roue_codeuse:rcD|FiltreHall:U0|cnt[0] ;
; Total Number of Removed Registers = 24 ;                                                   ;
+----------------------------------------+---------------------------------------------------+


+------------------------------------------------------+
; General Register Statistics                          ;
+----------------------------------------------+-------+
; Statistic                                    ; Value ;
+----------------------------------------------+-------+
; Total registers                              ; 70    ;
; Number of registers using Synchronous Clear  ; 40    ;
; Number of registers using Synchronous Load   ; 4     ;
; Number of registers using Asynchronous Clear ; 26    ;
; Number of registers using Asynchronous Load  ; 0     ;
; Number of registers using Clock Enable       ; 36    ;
; Number of registers using Preset             ; 0     ;
+----------------------------------------------+-------+


+------------------------------------------------------------------------------------------------------------------------------------------------------------------------+
; Multiplexer Restructuring Statistics (Restructuring Performed)                                                                                                         ;
+--------------------+-----------+---------------+----------------------+------------------------+------------+----------------------------------------------------------+
; Multiplexer Inputs ; Bus Width ; Baseline Area ; Area if Restructured ; Saving if Restructured ; Registered ; Example Multiplexer Output                               ;
+--------------------+-----------+---------------+----------------------+------------------------+------------+----------------------------------------------------------+
; 3:1                ; 4 bits    ; 8 LEs         ; 4 LEs                ; 4 LEs                  ; Yes        ; |roues_codeuses|roue_codeuse:rcG|FiltreHall:U1|CodeurFil ;
; 3:1                ; 8 bits    ; 16 LEs        ; 8 LEs                ; 8 LEs                  ; Yes        ; |roues_codeuses|roue_codeuse:rcD|FiltreHall:U0|cnt[7]    ;
; 4:1                ; 8 bits    ; 16 LEs        ; 8 LEs                ; 8 LEs                  ; Yes        ; |roues_codeuses|roue_codeuse:rcG|FiltreHall:U0|cnt_1[0]  ;
; 4:1                ; 8 bits    ; 16 LEs        ; 8 LEs                ; 8 LEs                  ; Yes        ; |roues_codeuses|roue_codeuse:rcG|FiltreHall:U1|cnt_1[5]  ;
; 4:1                ; 8 bits    ; 16 LEs        ; 8 LEs                ; 8 LEs                  ; Yes        ; |roues_codeuses|roue_codeuse:rcD|FiltreHall:U0|cnt_1[7]  ;
; 4:1                ; 8 bits    ; 16 LEs        ; 8 LEs                ; 8 LEs                  ; Yes        ; |roues_codeuses|roue_codeuse:rcD|FiltreHall:U1|cnt_1[3]  ;
+--------------------+-----------+---------------+----------------------+------------------------+------------+----------------------------------------------------------+


+-----------------------------------------------------+
; Post-Synthesis Netlist Statistics for Top Partition ;
+-----------------------+-----------------------------+
; Type                  ; Count                       ;
+-----------------------+-----------------------------+
; boundary_port         ; 16                          ;
; cycloneiii_ff         ; 70                          ;
;     CLR               ; 26                          ;
;     ENA SCLR          ; 32                          ;
;     ENA SLD           ; 4                           ;
;     SCLR              ; 8                           ;
; cycloneiii_lcell_comb ; 129                         ;
;     arith             ; 49                          ;
;         2 data inputs ; 49                          ;
;     normal            ; 80                          ;
;         1 data inputs ; 7                           ;
;         2 data inputs ; 12                          ;
;         3 data inputs ; 19                          ;
;         4 data inputs ; 42                          ;
;                       ;                             ;
; Max LUT depth         ; 5.00                        ;
; Average LUT depth     ; 2.27                        ;
+-----------------------+-----------------------------+


+-------------------------------+
; Elapsed Time Per Partition    ;
+----------------+--------------+
; Partition Name ; Elapsed Time ;
+----------------+--------------+
; Top            ; 00:00:02     ;
+----------------+--------------+


+-------------------------------+
; Analysis & Synthesis Messages ;
+-------------------------------+
Info: *******************************************************************
Info: Running Quartus II 64-Bit Analysis & Synthesis
    Info: Version 14.0.0 Build 200 06/17/2014 SJ Web Edition
    Info: Processing started: Tue Apr 14 14:34:05 2015
Info: Command: quartus_map --read_settings_files=on --write_settings_files=off roues_codeuses -c roues_codeuses
Warning (20028): Parallel compilation is not licensed and has been disabled
Info (12021): Found 2 design units, including 1 entities, in source file clk_div.vhd
    Info (12022): Found design unit 1: clk_div-arch
    Info (12023): Found entity 1: clk_div
Info (12021): Found 2 design units, including 1 entities, in source file roue_codeuse.vhd
    Info (12022): Found design unit 1: roue_codeuse-rtl
    Info (12023): Found entity 1: roue_codeuse
Info (12021): Found 2 design units, including 1 entities, in source file filtrehall.vhd
    Info (12022): Found design unit 1: FiltreHall-rtl
    Info (12023): Found entity 1: FiltreHall
Info (12021): Found 2 design units, including 1 entities, in source file roues_codeuses.vhd
    Info (12022): Found design unit 1: roues_codeuses-behavior
    Info (12023): Found entity 1: roues_codeuses
Info (12127): Elaborating entity "roues_codeuses" for the top level hierarchy
Info (12128): Elaborating entity "roue_codeuse" for hierarchy "roue_codeuse:rcD"
Warning (10492): VHDL Process Statement warning at roue_codeuse.vhd(66): signal "bSens" is read inside the Process Statement but isn't in the Process Statement's sensitivity list
Warning (10492): VHDL Process Statement warning at roue_codeuse.vhd(80): signal "bSens" is read inside the Process Statement but isn't in the Process Statement's sensitivity list
Warning (10492): VHDL Process Statement warning at roue_codeuse.vhd(94): signal "bSens" is read inside the Process Statement but isn't in the Process Statement's sensitivity list
Warning (10492): VHDL Process Statement warning at roue_codeuse.vhd(108): signal "bSens" is read inside the Process Statement but isn't in the Process Statement's sensitivity list
Warning (10492): VHDL Process Statement warning at roue_codeuse.vhd(112): signal "bImp" is read inside the Process Statement but isn't in the Process Statement's sensitivity list
Warning (10492): VHDL Process Statement warning at roue_codeuse.vhd(113): signal "bSens" is read inside the Process Statement but isn't in the Process Statement's sensitivity list
Warning (10492): VHDL Process Statement warning at roue_codeuse.vhd(114): signal "nextstate" is read inside the Process Statement but isn't in the Process Statement's sensitivity list
Warning (10631): VHDL Process Statement warning at roue_codeuse.vhd(46): inferring latch(es) for signal or variable "bSens", which holds its previous value in one or more paths through the process
Info (10041): Inferred latch for "oDebug[0]" at roue_codeuse.vhd(124)
Info (10041): Inferred latch for "oDebug[1]" at roue_codeuse.vhd(124)
Info (10041): Inferred latch for "bSens" at roue_codeuse.vhd(46)
Info (12128): Elaborating entity "FiltreHall" for hierarchy "roue_codeuse:rcD|FiltreHall:U0"
Info (12128): Elaborating entity "clk_div" for hierarchy "clk_div:clk_divD"
Warning (10492): VHDL Process Statement warning at clk_div.vhd(35): signal "bCount_Next" is read inside the Process Statement but isn't in the Process Statement's sensitivity list
Warning (10492): VHDL Process Statement warning at clk_div.vhd(37): signal "bNew_clk" is read inside the Process Statement but isn't in the Process Statement's sensitivity list
Warning (13012): Latch roue_codeuse:rcD|bSens has unsafe behavior
    Warning (13013): Ports D and ENA on the latch are fed by the same signal roue_codeuse:rcD|state.S3
Warning (13012): Latch roue_codeuse:rcG|bSens has unsafe behavior
    Warning (13013): Ports D and ENA on the latch are fed by the same signal roue_codeuse:rcG|state.S3
Info (286030): Timing-Driven Synthesis is running
Info (16010): Generating hard_block partition "hard_block:auto_generated_inst"
    Info (16011): Adding 0 node(s), including 0 DDIO, 0 PLL, 0 transceiver and 0 LCELL
Info (21057): Implemented 151 device resources after synthesis - the final resource count might be different
    Info (21058): Implemented 6 input pins
    Info (21059): Implemented 10 output pins
    Info (21061): Implemented 135 logic cells
Info: Quartus II 64-Bit Analysis & Synthesis was successful. 0 errors, 15 warnings
    Info: Peak virtual memory: 567 megabytes
    Info: Processing ended: Tue Apr 14 14:34:16 2015
    Info: Elapsed time: 00:00:11
    Info: Total CPU time (on all processors): 00:00:06


